Fri Feb  5 10:10:34 2010    meta/profile.data

         2096 function calls (2067 primitive calls) in 0.032 CPU seconds

   Ordered by: cumulative time

   ncalls  tottime  percall  cumtime  percall filename:lineno(function)
        2    0.000    0.000    0.032    0.016 settings.py:1(<module>)
        1    0.000    0.000    0.032    0.032 main.py:8(run)
        1    0.000    0.000    0.032    0.032 main.py:11(main)
        1    0.000    0.000    0.032    0.032 profile:0(main())
      8/1    0.000    0.000    0.032    0.032 <string>:1(<module>)
        1    0.000    0.000    0.032    0.032 wrapper.py:12(wrapper)
        1    0.000    0.000    0.032    0.032 __init__.py:4(run)
        1    0.004    0.004    0.032    0.032 core.py:6(setup)
      8/1    0.000    0.000    0.032    0.032 :0(exec)
        1    0.000    0.000    0.032    0.032 __init__.py:21(initialize)
        1    0.000    0.000    0.016    0.016 __init__.py:59(enable)
        1    0.000    0.000    0.016    0.016 inspect.py:26(<module>)
        6    0.000    0.000    0.016    0.003 dispatcher.py:31(connect)
        7    0.004    0.001    0.016    0.002 __init__.py:1(<module>)
        7    0.000    0.000    0.012    0.002 collections.py:173(namedtuple)
       38    0.004    0.000    0.012    0.000 :0(all)
        2    0.004    0.002    0.012    0.006 horizontal.py:1(<module>)
      319    0.004    0.000    0.008    0.000 collections.py:213(<genexpr>)
        1    0.000    0.000    0.004    0.004 sre_parse.py:386(_parse)
        8    0.004    0.000    0.004    0.000 :0(ord)
        1    0.000    0.000    0.004    0.004 sre_parse.py:308(_parse_sub)
        1    0.004    0.004    0.004    0.004 dis.py:1(<module>)
        1    0.000    0.000    0.004    0.004 config.py:1(<module>)
        1    0.000    0.000    0.004    0.004 sre_compile.py:486(compile)
        1    0.000    0.000    0.004    0.004 sre_parse.py:682(parse)
        1    0.000    0.000    0.004    0.004 re.py:259(_compile)
        1    0.000    0.000    0.004    0.004 re.py:203(compile)
      281    0.004    0.000    0.004    0.000 :0(isalnum)
        7    0.000    0.000    0.000    0.000 :0(_getframe)
        1    0.000    0.000    0.000    0.000 compatability.py:1(<module>)
        1    0.000    0.000    0.000    0.000 saferef.py:6(<module>)
       23    0.000    0.000    0.000    0.000 config.py:25(define)
        1    0.000    0.000    0.000    0.000 :0(noecho)
       80    0.000    0.000    0.000    0.000 :0(setattr)
       12    0.000    0.000    0.000    0.000 <string>:8(__new__)
        3    0.000    0.000    0.000    0.000 :0(init_pair)
        1    0.000    0.000    0.000    0.000 __init__.py:46(update)
        1    0.000    0.000    0.000    0.000 sre_compile.py:471(_code)
       38    0.000    0.000    0.000    0.000 collections.py:230(<genexpr>)
        7    0.000    0.000    0.000    0.000 :0(join)
        1    0.000    0.000    0.000    0.000 sre_parse.py:670(fix_flags)
        1    0.000    0.000    0.000    0.000 shapes.py:23(AgnosticPair)
        1    0.000    0.000    0.000    0.000 canvas.py:1(<module>)
        1    0.000    0.000    0.000    0.000 sre_compile.py:355(_simple)
        2    0.000    0.000    0.000    0.000 tabular.py:1(<module>)
        3    0.000    0.000    0.000    0.000 :0(color_pair)
        1    0.000    0.000    0.000    0.000 sre_parse.py:179(__init__)
       10    0.000    0.000    0.000    0.000 style.py:25(color)
        1    0.000    0.000    0.000    0.000 :0(use_default_colors)
        1    0.000    0.000    0.000    0.000 :0(setprofile)
        2    0.000    0.000    0.000    0.000 base.py:23(<lambda>)
        1    0.000    0.000    0.000    0.000 list.py:3(expose)
        1    0.000    0.000    0.000    0.000 box.py:96(Barrer)
        1    0.000    0.000    0.000    0.000 bits.py:52(BitSet)
        1    0.000    0.000    0.000    0.000 :0(newwin)
        1    0.000    0.000    0.000    0.000 opcode.py:5(<module>)
        1    0.000    0.000    0.000    0.000 canvas.py:6(Canvas)
        1    0.000    0.000    0.000    0.000 os.py:390(__getitem__)
        1    0.000    0.000    0.000    0.000 directional.py:10(Directional)
        1    0.000    0.000    0.000    0.000 sre_compile.py:362(_compile_info)
        1    0.000    0.000    0.000    0.000 __init__.py:46(connections)
        4    0.000    0.000    0.000    0.000 shapes.py:4(__init__)
        4    0.000    0.000    0.000    0.000 :0(min)
        2    0.000    0.000    0.000    0.000 directional.py:1(<module>)
        1    0.000    0.000    0.000    0.000 manager.py:5(WindowManager)
        3    0.000    0.000    0.000    0.000 shapes.py:96(__init__)
        1    0.000    0.000    0.000    0.000 line.py:23(Line)
        6    0.000    0.000    0.000    0.000 inspect.py:205(iscode)
        6    0.000    0.000    0.000    0.000 inspect.py:68(ismethod)
       12    0.000    0.000    0.000    0.000 :0(__new__)
       50    0.000    0.000    0.000    0.000 :0(__build_class__)
        1    0.000    0.000    0.000    0.000 :0(chr)
        1    0.000    0.000    0.000    0.000 saferef.py:181(BoundNonDescriptorMethodWeakref)
        2    0.000    0.000    0.000    0.000 decorators.py:81(<lambda>)
        1    0.000    0.000    0.000    0.000 functools.py:17(update_wrapper)
        1    0.000    0.000    0.000    0.000 shapes.py:15(DynamicPair)
        1    0.000    0.000    0.000    0.000 <string>:1(Traceback)
        3    0.000    0.000    0.000    0.000 :0(noutrefresh)
       19    0.000    0.000    0.000    0.000 sre_parse.py:183(__next)
        1    0.000    0.000    0.000    0.000 box.py:1(<module>)
        1    0.000    0.000    0.000    0.000 canvas.py:59(set_cursor)
        1    0.000    0.000    0.000    0.000 dispatcher.py:1(<module>)
        1    0.000    0.000    0.000    0.000 core.py:16(mode)
       11    0.000    0.000    0.000    0.000 opcode.py:31(name_op)
      7/1    0.000    0.000    0.000    0.000 abc.py:134(__subclasscheck__)
        1    0.000    0.000    0.000    0.000 :0(getch)
        1    0.000    0.000    0.000    0.000 manager.py:41(current)
        1    0.000    0.000    0.000    0.000 <string>:1(FullArgSpec)
        6    0.000    0.000    0.000    0.000 opcode.py:39(jabs_op)
        1    0.000    0.000    0.000    0.000 tabular.py:3(Tabular)
        6    0.000    0.000    0.000    0.000 sre_parse.py:131(__getitem__)
        1    0.000    0.000    0.000    0.000 window.py:10(<lambda>)
      100    0.000    0.000    0.000    0.000 opcode.py:27(def_op)
        1    0.000    0.000    0.000    0.000 bits.py:42(SelectedBit)
        4    0.000    0.000    0.000    0.000 list.py:5(attach)
        1    0.000    0.000    0.000    0.000 __init__.py:9(x)
        1    0.000    0.000    0.000    0.000 core.py:24(dispatch)
        8    0.000    0.000    0.000    0.000 sre_compile.py:24(_identityfunction)
        1    0.000    0.000    0.000    0.000 _abcoll.py:355(get)
        3    0.000    0.000    0.000    0.000 :0(getbegyx)
        1    0.000    0.000    0.000    0.000 weakref.py:45(__init__)
        4    0.000    0.000    0.000    0.000 config.py:20(register)
        8    0.000    0.000    0.000    0.000 _weakrefset.py:20(__iter__)
        1    0.000    0.000    0.000    0.000 inspect.py:618(EndOfBlock)
        1    0.000    0.000    0.000    0.000 :0(compile)
        1    0.000    0.000    0.000    0.000 :0(nocbreak)
        1    0.000    0.000    0.000    0.000 window.py:13(<lambda>)
        7    0.000    0.000    0.000    0.000 _weakrefset.py:36(add)
        1    0.000    0.000    0.000    0.000 base.py:76(ListNode)
        1    0.000    0.000    0.000    0.000 __init__.py:28(initscr)
       14    0.000    0.000    0.000    0.000 sre_parse.py:208(get)
        1    0.000    0.000    0.000    0.000 shapes.py:1(<module>)
        1    0.000    0.000    0.000    0.000 tabular.py:6(Tabular)
        1    0.000    0.000    0.000    0.000 :0(erase)
        1    0.000    0.000    0.000    0.000 :0(fileno)
        5    0.000    0.000    0.000    0.000 collections.py:38(__init__)
        1    0.000    0.000    0.000    0.000 config.py:8(Config)
        1    0.000    0.000    0.000    0.000 inspect.py:620(BlockFinder)
        1    0.000    0.000    0.000    0.000 saferef.py:36(BoundMethodWeakref)
        1    0.000    0.000    0.000    0.000 horizontal.py:6(Horizontal)
        7    0.000    0.000    0.000    0.000 :0(split)
        1    0.000    0.000    0.000    0.000 __init__.py:18(height)
        1    0.000    0.000    0.000    0.000 :0(doupdate)
        2    0.000    0.000    0.000    0.000 directional.py:15(<lambda>)
        1    0.000    0.000    0.000    0.000 canvas.py:56(take_cursor)
        3    0.000    0.000    0.000    0.000 sre_parse.py:139(append)
        1    0.000    0.000    0.000    0.000 <string>:1(Attribute)
        1    0.000    0.000    0.000    0.000 __init__.py:15(width)
        2    0.000    0.000    0.000    0.000 shapes.py:152(__init__)
        1    0.000    0.000    0.000    0.000 bits.py:1(<module>)
        2    0.000    0.000    0.000    0.000 directional.py:24(<lambda>)
        1    0.000    0.000    0.000    0.000 window.py:23(__init__)
       40    0.000    0.000    0.000    0.000 :0(getattr)
        1    0.000    0.000    0.000    0.000 dispatcher.py:11(Signal)
        3    0.000    0.000    0.000    0.000 sre_parse.py:127(__len__)
        4    0.000    0.000    0.000    0.000 :0(proxy)
        4    0.000    0.000    0.000    0.000 :0(format)
        6    0.000    0.000    0.000    0.000 saferef.py:10(safeRef)
        1    0.000    0.000    0.000    0.000 line.py:1(<module>)
        1    0.000    0.000    0.000    0.000 box.py:24(Boxer)
        1    0.000    0.000    0.000    0.000 directional.py:6(Directional)
       10    0.000    0.000    0.000    0.000 dispatcher.py:21(__init__)
        7    0.000    0.000    0.000    0.000 sre_parse.py:202(match)
        2    0.000    0.000    0.000    0.000 base.py:14(<lambda>)
        0    0.000             0.000          profile:0(profiler)
       38    0.000    0.000    0.000    0.000 :0(isdigit)
        1    0.000    0.000    0.000    0.000 shapes.py:151(RectDiff)
        1    0.000    0.000    0.000    0.000 signals.py:1(<module>)
        2    0.000    0.000    0.000    0.000 base.py:13(<lambda>)
        1    0.000    0.000    0.000    0.000 <string>:1(ModuleInfo)
        1    0.000    0.000    0.000    0.000 shapes.py:35(AgnosticDynamicPair)
        5    0.000    0.000    0.000    0.000 _abcoll.py:482(update)
        1    0.000    0.000    0.000    0.000 shapes.py:3(Pair)
        1    0.000    0.000    0.000    0.000 sre_parse.py:135(__setitem__)
       31    0.000    0.000    0.000    0.000 :0(startswith)
        6    0.000    0.000    0.000    0.000 inspect.py:772(getargspec)
        1    0.000    0.000    0.000    0.000 __init__.py:52(quit)
        1    0.000    0.000    0.000    0.000 <string>:1(ArgSpec)
        1    0.000    0.000    0.000    0.000 sre_parse.py:68(__init__)
       12    0.000    0.000    0.000    0.000 :0(id)
        3    0.000    0.000    0.000    0.000 base.py:1(<module>)
        2    0.000    0.000    0.000    0.000 base.py:39(__init__)
        1    0.000    0.000    0.000    0.000 :0(cbreak)
        1    0.000    0.000    0.000    0.000 utilities.py:1(<module>)
        3    0.000    0.000    0.000    0.000 _weakrefset.py:10(__init__)
        1    0.000    0.000    0.000    0.000 normal.py:1(<module>)
        6    0.000    0.000    0.000    0.000 inspect.py:142(isfunction)
       14    0.000    0.000    0.000    0.000 :0(replace)
        1    0.000    0.000    0.000    0.000 bits.py:34(Bit)
        1    0.000    0.000    0.000    0.000 :0(initscr)
        1    0.000    0.000    0.000    0.000 manager.py:9(<lambda>)
        1    0.000    0.000    0.000    0.000 manager.py:6(<lambda>)
        1    0.000    0.000    0.000    0.000 manager.py:1(<module>)
        1    0.000    0.000    0.000    0.000 api.py:1(<module>)
        7    0.000    0.000    0.000    0.000 :0(repr)
        2    0.000    0.000    0.000    0.000 :0(keypad)
        1    0.000    0.000    0.000    0.000 sre_compile.py:178(_compile_charset)
        4    0.000    0.000    0.000    0.000 shapes.py:44(__init__)
        1    0.000    0.000    0.000    0.000 :0(move)
        1    0.000    0.000    0.000    0.000 sre_compile.py:207(_optimize_charset)
        5    0.000    0.000    0.000    0.000 opcode.py:35(jrel_op)
        2    0.000    0.000    0.000    0.000 base.py:26(<lambda>)
       10    0.000    0.000    0.000    0.000 style.py:26(<lambda>)
        1    0.000    0.000    0.000    0.000 :0(start_color)
        1    0.000    0.000    0.000    0.000 style.py:8(initialize)
        1    0.000    0.000    0.000    0.000 __init__.py:12(y)
        1    0.000    0.000    0.000    0.000 normal.py:5(Normal)
        1    0.000    0.000    0.000    0.000 main.py:5(initialize)
       38    0.000    0.000    0.000    0.000 :0(__contains__)
        1    0.000    0.000    0.000    0.000 locale.py:513(setlocale)
        1    0.000    0.000    0.000    0.000 :0(endwin)
        1    0.000    0.000    0.000    0.000 shapes.py:55(DynamicConstraint)
        8    0.000    0.000    0.000    0.000 shapes.py:24(__init__)
        1    0.000    0.000    0.000    0.000 bits.py:30(Afters)
        1    0.000    0.000    0.000    0.000 <string>:1(Arguments)
        2    0.000    0.000    0.000    0.000 box.py:25(__init__)
       12    0.000    0.000    0.000    0.000 dispatcher.py:6(_make_id)
      3/2    0.000    0.000    0.000    0.000 sre_parse.py:141(getwidth)
        1    0.000    0.000    0.000    0.000 os.py:428(<lambda>)
       10    0.000    0.000    0.000    0.000 :0(get)
        1    0.000    0.000    0.000    0.000 core.py:27(update)
        1    0.000    0.000    0.000    0.000 base.py:6(dispatch)
        4    0.000    0.000    0.000    0.000 utilities.py:3(scruncher)
        4    0.000    0.000    0.000    0.000 collections.py:61(__setitem__)
        5    0.000    0.000    0.000    0.000 abc.py:118(__instancecheck__)
       56    0.000    0.000    0.000    0.000 :0(isinstance)
        1    0.000    0.000    0.000    0.000 sre_compile.py:258(_mk_bitmap)
        1    0.000    0.000    0.000    0.000 __init__.py:38(mainloop)
        1    0.000    0.000    0.000    0.000 :0(extend)
       20    0.000    0.000    0.000    0.000 _weakrefset.py:29(__contains__)
       10    0.000    0.000    0.000    0.000 :0(reduce)
        1    0.000    0.000    0.000    0.000 core.py:20(window)
        4    0.000    0.000    0.000    0.000 :0(match)
        1    0.000    0.000    0.000    0.000 base.py:29(<lambda>)
        2    0.000    0.000    0.000    0.000 sre_compile.py:468(isstring)
        5    0.000    0.000    0.000    0.000 config.py:9(__init__)
        1    0.000    0.000    0.000    0.000 shapes.py:43(Constraint)
        1    0.000    0.000    0.000    0.000 exceptions.py:1(<module>)
        1    0.000    0.000    0.000    0.000 base.py:9(Node)
        1    0.000    0.000    0.000    0.000 exceptions.py:5(NotEnoughSpace)
        1    0.000    0.000    0.000    0.000 __init__.py:8(<module>)
      2/1    0.000    0.000    0.000    0.000 sre_compile.py:32(_compile)
        1    0.000    0.000    0.000    0.000 shapes.py:69(__init__)
        2    0.000    0.000    0.000    0.000 vertical.py:1(<module>)
        1    0.000    0.000    0.000    0.000 :0(setupterm)
        1    0.000    0.000    0.000    0.000 window.py:7(<lambda>)
        1    0.000    0.000    0.000    0.000 window.py:16(<lambda>)
        1    0.000    0.000    0.000    0.000 base.py:4(Controller)
        1    0.000    0.000    0.000    0.000 shapes.py:90(DynamicRect)
        2    0.000    0.000    0.000    0.000 base.py:33(<lambda>)
       40    0.000    0.000    0.000    0.000 :0(hasattr)
    63/62    0.000    0.000    0.000    0.000 :0(len)
        1    0.000    0.000    0.000    0.000 :0(setlocale)
        1    0.000    0.000    0.000    0.000 horizontal.py:3(Horizontal)
        1    0.000    0.000    0.000    0.000 canvas.py:33(redraw)
       23    0.000    0.000    0.000    0.000 :0(intersection)
      7/1    0.000    0.000    0.000    0.000 :0(issubclass)
        1    0.000    0.000    0.000    0.000 :0(update)
        1    0.000    0.000    0.000    0.000 __init__.py:45(start_color)
        1    0.000    0.000    0.000    0.000 <string>:1(ArgInfo)
        2    0.000    0.000    0.000    0.000 base.py:32(<lambda>)
        1    0.000    0.000    0.000    0.000 list.py:1(<module>)
       87    0.000    0.000    0.000    0.000 :0(append)
        1    0.000    0.000    0.000    0.000 vertical.py:3(Vertical)
        6    0.000    0.000    0.000    0.000 inspect.py:796(getfullargspec)
        1    0.000    0.000    0.000    0.000 manager.py:7(<lambda>)
        1    0.000    0.000    0.000    0.000 :0(raw)
        2    0.000    0.000    0.000    0.000 directional.py:18(<lambda>)
        1    0.000    0.000    0.000    0.000 window.py:6(Window)
        1    0.000    0.000    0.000    0.000 base.py:3(Mode)
        2    0.000    0.000    0.000    0.000 directional.py:33(__init__)
        1    0.000    0.000    0.000    0.000 bits.py:26(Befores)
        1    0.000    0.000    0.000    0.000 vertical.py:6(Vertical)
        1    0.000    0.000    0.000    0.000 window.py:1(<module>)
        7    0.000    0.000    0.000    0.000 :0(locals)
       10    0.000    0.000    0.000    0.000 shapes.py:19(__init__)
        1    0.000    0.000    0.000    0.000 window.py:20(current)
        1    0.000    0.000    0.000    0.000 weakref.py:178(update)
        7    0.000    0.000    0.000    0.000 :0(__subclasses__)
        1    0.000    0.000    0.000    0.000 decorators.py:80(class_decorator)
        1    0.000    0.000    0.000    0.000 normal.py:7(<lambda>)
        1    0.000    0.000    0.000    0.000 :0(echo)
        1    0.000    0.000    0.000    0.000 exceptions.py:1(OutOfBounds)
        2    0.000    0.000    0.000    0.000 directional.py:21(<lambda>)
        1    0.000    0.000    0.000    0.000 style.py:1(<module>)
        1    0.000    0.000    0.000    0.000 decorators.py:3(with_fn)
        1    0.000    0.000    0.000    0.000 bits.py:5(BitList)
        6    0.000    0.000    0.000    0.000 inspect.py:741(_getfullargs)
        7    0.000    0.000    0.000    0.000 :0(items)
        2    0.000    0.000    0.000    0.000 compatability.py:1(unicode)
        1    0.000    0.000    0.000    0.000 shapes.py:63(Rect)
        4    0.000    0.000    0.000    0.000 shapes.py:59(__init__)
        1    0.000    0.000    0.000    0.000 canvas.py:7(__init__)
        1    0.000    0.000    0.000    0.000 manager.py:13(__init__)
        1    0.000    0.000    0.000    0.000 decorators.py:1(<module>)
        2    0.000    0.000    0.000    0.000 :0(bkgd)
        1    0.000    0.000    0.000    0.000 itertools.py:1(<module>)
        7    0.000    0.000    0.000    0.000 _abcoll.py:122(__subclasshook__)
        3    0.000    0.000    0.000    0.000 :0(getmaxyx)
        2    0.000    0.000    0.000    0.000 sre_parse.py:91(__init__)
        1    0.000    0.000    0.000    0.000 shapes.py:100(ListNodeRect)
        2    0.000    0.000    0.000    0.000 config.py:32(set)
       38    0.000    0.000    0.000    0.000 :0(add)


